Traceback (most recent call last):
  File "/home/cozzip/.cache/pypoetry/virtualenvs/tskitetude-hh-GIRXc-py3.10/lib/python3.10/site-packages/jupyter_cache/executors/utils.py", line 58, in single_nb_execution
    executenb(
  File "/home/cozzip/.cache/pypoetry/virtualenvs/tskitetude-hh-GIRXc-py3.10/lib/python3.10/site-packages/nbclient/client.py", line 1314, in execute
    return NotebookClient(nb=nb, resources=resources, km=km, **kwargs).execute()
  File "/home/cozzip/.cache/pypoetry/virtualenvs/tskitetude-hh-GIRXc-py3.10/lib/python3.10/site-packages/jupyter_core/utils/__init__.py", line 165, in wrapped
    return loop.run_until_complete(inner)
  File "/home/cozzip/.conda/envs/python3.10/lib/python3.10/asyncio/base_events.py", line 649, in run_until_complete
    return future.result()
  File "/home/cozzip/.cache/pypoetry/virtualenvs/tskitetude-hh-GIRXc-py3.10/lib/python3.10/site-packages/nbclient/client.py", line 709, in async_execute
    await self.async_execute_cell(
  File "/home/cozzip/.cache/pypoetry/virtualenvs/tskitetude-hh-GIRXc-py3.10/lib/python3.10/site-packages/nbclient/client.py", line 1062, in async_execute_cell
    await self._check_raise_for_error(cell, cell_index, exec_reply)
  File "/home/cozzip/.cache/pypoetry/virtualenvs/tskitetude-hh-GIRXc-py3.10/lib/python3.10/site-packages/nbclient/client.py", line 918, in _check_raise_for_error
    raise CellExecutionError.from_cell_and_msg(cell, exec_reply_content)
nbclient.exceptions.CellExecutionError: An error occurred while executing the following cell:
------------------
# Removes unary nodes (currently required in tsdate), keeps historical-only sites
inferred_ts = tsdate.preprocess_ts(sparrow_ts, filter_sites=False)
dated_ts = tsdate.date(inferred_ts, mutation_rate=1e-8, Ne=1e4)

dated_ts
------------------

----- stderr -----
2025-04-15 17:07:28,838 - tsdate.util - INFO - Beginning preprocessing
----- stderr -----
2025-04-15 17:07:28,839 - tsdate.util - INFO - Minimum_gap: None and erase_flanks: None
----- stderr -----
2025-04-15 17:07:28,839 - tsdate.util - INFO - REMOVING TELOMERE: Snip topology from 0 to first site at 166515.0.
----- stderr -----
2025-04-15 17:07:28,840 - tsdate.util - INFO - REMOVING TELOMERE: Snip topology from 44004282.0 to end of sequence at 44077779.0.
------------------

[0;31m---------------------------------------------------------------------------[0m
[0;31mTypeError[0m                                 Traceback (most recent call last)
Cell [0;32mIn[7], line 3[0m
[1;32m      1[0m [38;5;66;03m# Removes unary nodes (currently required in tsdate), keeps historical-only sites[39;00m
[1;32m      2[0m inferred_ts [38;5;241m=[39m tsdate[38;5;241m.[39mpreprocess_ts(sparrow_ts, filter_sites[38;5;241m=[39m[38;5;28;01mFalse[39;00m)
[0;32m----> 3[0m dated_ts [38;5;241m=[39m [43mtsdate[49m[38;5;241;43m.[39;49m[43mdate[49m[43m([49m[43minferred_ts[49m[43m,[49m[43m [49m[43mmutation_rate[49m[38;5;241;43m=[39;49m[38;5;241;43m1e-8[39;49m[43m,[49m[43m [49m[43mNe[49m[38;5;241;43m=[39;49m[38;5;241;43m1e4[39;49m[43m)[49m
[1;32m      5[0m dated_ts

File [0;32m~/.cache/pypoetry/virtualenvs/tskitetude-hh-GIRXc-py3.10/lib/python3.10/site-packages/tsdate/core.py:977[0m, in [0;36mdate[0;34m(tree_sequence, mutation_rate, recombination_rate, time_units, method, constr_iterations, set_metadata, return_fit, return_likelihood, allow_unary, progress, record_provenance, **kwargs)[0m
[1;32m    974[0m [38;5;28;01mif[39;00m method [38;5;129;01mnot[39;00m [38;5;129;01min[39;00m estimation_methods:
[1;32m    975[0m     [38;5;28;01mraise[39;00m [38;5;167;01mValueError[39;00m([38;5;124mf[39m[38;5;124m"[39m[38;5;124mmethod must be one of [39m[38;5;132;01m{[39;00m[38;5;28mlist[39m(estimation_methods[38;5;241m.[39mkeys())[38;5;132;01m}[39;00m[38;5;124m"[39m)
[0;32m--> 977[0m [38;5;28;01mreturn[39;00m [43mestimation_methods[49m[43m[[49m[43mmethod[49m[43m][49m[43m([49m
[1;32m    978[0m [43m    [49m[43mtree_sequence[49m[43m,[49m
[1;32m    979[0m [43m    [49m[43mmutation_rate[49m[38;5;241;43m=[39;49m[43mmutation_rate[49m[43m,[49m
[1;32m    980[0m [43m    [49m[43mrecombination_rate[49m[38;5;241;43m=[39;49m[43mrecombination_rate[49m[43m,[49m
[1;32m    981[0m [43m    [49m[43mtime_units[49m[38;5;241;43m=[39;49m[43mtime_units[49m[43m,[49m
[1;32m    982[0m [43m    [49m[43mprogress[49m[38;5;241;43m=[39;49m[43mprogress[49m[43m,[49m
[1;32m    983[0m [43m    [49m[43mconstr_iterations[49m[38;5;241;43m=[39;49m[43mconstr_iterations[49m[43m,[49m
[1;32m    984[0m [43m    [49m[43mreturn_fit[49m[38;5;241;43m=[39;49m[43mreturn_fit[49m[43m,[49m
[1;32m    985[0m [43m    [49m[43mreturn_likelihood[49m[38;5;241;43m=[39;49m[43mreturn_likelihood[49m[43m,[49m
[1;32m    986[0m [43m    [49m[43mallow_unary[49m[38;5;241;43m=[39;49m[43mallow_unary[49m[43m,[49m
[1;32m    987[0m [43m    [49m[43mset_metadata[49m[38;5;241;43m=[39;49m[43mset_metadata[49m[43m,[49m
[1;32m    988[0m [43m    [49m[43mrecord_provenance[49m[38;5;241;43m=[39;49m[43mrecord_provenance[49m[43m,[49m
[1;32m    989[0m [43m    [49m[38;5;241;43m*[39;49m[38;5;241;43m*[39;49m[43mkwargs[49m[43m,[49m
[1;32m    990[0m [43m[49m[43m)[49m

File [0;32m~/.cache/pypoetry/virtualenvs/tskitetude-hh-GIRXc-py3.10/lib/python3.10/site-packages/tsdate/core.py:852[0m, in [0;36mvariational_gamma[0;34m(tree_sequence, mutation_rate, eps, max_iterations, rescaling_intervals, rescaling_iterations, match_segregating_sites, max_shape, regularise_roots, singletons_phased, **kwargs)[0m
[1;32m    848[0m [38;5;28;01mif[39;00m tree_sequence[38;5;241m.[39mnum_mutations [38;5;241m==[39m [38;5;241m0[39m:
[1;32m    849[0m     [38;5;28;01mraise[39;00m [38;5;167;01mValueError[39;00m(
[1;32m    850[0m         [38;5;124m"[39m[38;5;124mNo mutations present: these are required for the variational_gamma method[39m[38;5;124m"[39m
[1;32m    851[0m     )
[0;32m--> 852[0m dating_method [38;5;241m=[39m [43mVariationalGammaMethod[49m[43m([49m
[1;32m    853[0m [43m    [49m[43mtree_sequence[49m[43m,[49m[43m [49m[43mmutation_rate[49m[38;5;241;43m=[39;49m[43mmutation_rate[49m[43m,[49m[43m [49m[38;5;241;43m*[39;49m[38;5;241;43m*[39;49m[43mkwargs[49m
[1;32m    854[0m [43m[49m[43m)[49m
[1;32m    855[0m result [38;5;241m=[39m dating_method[38;5;241m.[39mrun(
[1;32m    856[0m     eps[38;5;241m=[39meps,
[1;32m    857[0m     max_iterations[38;5;241m=[39mmax_iterations,
[0;32m   (...)[0m
[1;32m    863[0m     singletons_phased[38;5;241m=[39msingletons_phased,
[1;32m    864[0m )
[1;32m    865[0m [38;5;28;01mreturn[39;00m dating_method[38;5;241m.[39mparse_result(result, eps)

File [0;32m~/.cache/pypoetry/virtualenvs/tskitetude-hh-GIRXc-py3.10/lib/python3.10/site-packages/tsdate/core.py:446[0m, in [0;36mVariationalGammaMethod.__init__[0;34m(self, ts, **kwargs)[0m
[1;32m    445[0m [38;5;28;01mdef[39;00m [38;5;21m__init__[39m([38;5;28mself[39m, ts, [38;5;241m*[39m[38;5;241m*[39mkwargs):
[0;32m--> 446[0m     [38;5;28;43msuper[39;49m[43m([49m[43m)[49m[38;5;241;43m.[39;49m[38;5;21;43m__init__[39;49m[43m([49m[43mts[49m[43m,[49m[43m [49m[38;5;241;43m*[39;49m[38;5;241;43m*[39;49m[43mkwargs[49m[43m)[49m

[0;31mTypeError[0m: EstimationMethod.__init__() got an unexpected keyword argument 'Ne'

